Results generated by fwts: Version V21.09.00 (2021-09-27 05:51:56).

Some of this work - Copyright (c) 1999 - 2021, Intel Corp. All rights reserved.
Some of this work - Copyright (c) 2010 - 2021, Canonical.
Some of this work - Copyright (c) 2016 - 2021, IBM.
Some of this work - Copyright (c) 2017 - 2021, ARM Ltd.

This test run on 12/05/22 at 08:49:43 on host Linux Arch-V15SG 5.17.3-zen1-1-zen
#1 ZEN SMP PREEMPT Thu, 14 Apr 2022 01:18:28 +0000 x86_64.

Command: "fwts ".
Running tests: version bios_info power_mgmt reserv_mem prd_info oops olog klog
bmc_info clog mtrr acpiinfo dt_base cpu_info mem_info pci_info uefibootpath csm
tpmevlog maxreadreq crs aspm mtd_info dmicheck microcode msr nx cpufreq maxfreq
virt smm pnp pciirq mpcheck interrupt hda_audio ebda bios32 apicedge xenv xsdt
wsmt wpbt wmi wdat wakealarm waet uniqueid uefi tpm2 tcpa stao srat spmi spcr
slit slic sdev sdei sbst rsdt rsdp rasf pptt pmtt phat pdtt pcct pcc osilinux
nfit method msdm msct mpst mchi mcfg madt lpit iort hmat hpet hest gtdt fpdt fan
fadt facs erst einj ecdt drtm dppt dmar acpi_wpc acpi_time acpi_als acpi_nvdimm
acpi_lid acpi_slpb acpi_pwrb acpi_ec smart_battery acpi_battery acpi_ac dbg2
dbgp cstates csrt cpep checksum autobrightness boot bgrt bert aspt asf
apicinstance acpitables.

version: Gather kernel system information.
--------------------------------------------------------------------------------
Test 1 of 4: Gather kernel signature.
SKIPPED: Test 1, Information not available with this kernel.

Test 2 of 4: Gather kernel system information.
Kernel Version: Linux version 5.17.3-zen1-1-zen (linux-zen@archlinux) (gcc (GCC)
11.2.0, GNU ld (GNU Binutils) 2.38) #1 ZEN SMP PREEMPT Thu, 14 Apr 2022 01:18:28
+0000

Test 3 of 4: Gather kernel boot command line.
Kernel boot command line: BOOT_IMAGE=/vmlinuz-linux-zen
root=UUID=eacef51c-ace7-4668-b3bb-0885f126dbde rw loglevel=3 quiet

Test 4 of 4: Gather ACPI driver version.
ACPICA Version: 20211217

================================================================================
0 passed, 0 failed, 0 warning, 0 aborted, 1 skipped, 3 info only.
================================================================================

bios_info: Gather BIOS DMI information.
--------------------------------------------------------------------------------
Test 1 of 1: Gather BIOS DMI information
BIOS Vendor       : American Megatrends Inc.
BIOS Version      : X550IU.300
BIOS Release Date : 10/21/2016
Board Name        : X550IU
Board Version     : 1.0
Board Asset Tag   : ATN12345678901234567
Chassis Type      : 10
Chassis Vendor    : ASUSTeK COMPUTER INC.
Chassis Version   : 1.0
Chassic Asset Tag : ATN12345678901234567
Product Name      : X550IU
Product Version   : 1.0
System Vendor     : ASUSTeK COMPUTER INC.

================================================================================
0 passed, 0 failed, 0 warning, 0 aborted, 0 skipped, 1 info only.
================================================================================

power_mgmt: OPAL Processor Power Management DT Validation Tests
--------------------------------------------------------------------------------
Must be run as root or sudo to be able to read system information.
Aborted test, insufficient privilege.
================================================================================
0 passed, 0 failed, 0 warning, 2 aborted, 0 skipped, 0 info only.
================================================================================

reserv_mem: OPAL Reserved memory DT Validation Test
--------------------------------------------------------------------------------
Must be run as root or sudo to be able to read system information.
Aborted test, insufficient privilege.
================================================================================
0 passed, 0 failed, 0 warning, 1 aborted, 0 skipped, 0 info only.
================================================================================

prd_info: OPAL Processor Recovery Diagnostics Info
--------------------------------------------------------------------------------
Must be run as root or sudo to be able to read system information.
Aborted test, insufficient privilege.
================================================================================
0 passed, 0 failed, 0 warning, 1 aborted, 0 skipped, 0 info only.
================================================================================

oops: Scan kernel log for Oopses.
--------------------------------------------------------------------------------
Cannot read kernel log.
Aborted test, initialisation failed.
================================================================================
0 passed, 0 failed, 0 warning, 1 aborted, 0 skipped, 0 info only.
================================================================================

olog: Run OLOG scan and analysis checks.
--------------------------------------------------------------------------------
OLOG without any parameters on the platform you are running does nothing, please
specify -o for custom log analysis.
PPC supports dump and analysis of the default firmware logs.
================================================================================
0 passed, 0 failed, 0 warning, 0 aborted, 1 skipped, 0 info only.
================================================================================

klog: Scan kernel log for errors and warnings.
--------------------------------------------------------------------------------
Cannot read kernel log.
Aborted test, initialisation failed.
================================================================================
0 passed, 0 failed, 0 warning, 1 aborted, 0 skipped, 0 info only.
================================================================================

bmc_info: BMC Info
--------------------------------------------------------------------------------
Must be run as root or sudo to be able to read system information.
Aborted test, insufficient privilege.
================================================================================
0 passed, 0 failed, 0 warning, 1 aborted, 0 skipped, 0 info only.
================================================================================

clog: Scan coreboot log for errors and warnings.
--------------------------------------------------------------------------------
coreboot log not available, skipping test
================================================================================
0 passed, 0 failed, 0 warning, 0 aborted, 1 skipped, 0 info only.
================================================================================

mtrr: MTRR tests.
--------------------------------------------------------------------------------
Must be run as root or sudo to be able to read system information.
Aborted test, insufficient privilege.
================================================================================
0 passed, 0 failed, 0 warning, 4 aborted, 0 skipped, 0 info only.
================================================================================

acpiinfo: General ACPI information test.
--------------------------------------------------------------------------------
Test 1 of 3: Determine Kernel ACPI version.
Kernel ACPICA driver version: 20211217, supports ACPI 6.4

Test 2 of 3: Determine machine's ACPI version.
Must be run as root or sudo to be able to read system information.

Test 3 of 3: Determine AML compiler.
Determine the compiler used to generate the ACPI AML in the DSDT and SSDT.

================================================================================
0 passed, 0 failed, 0 warning, 0 aborted, 0 skipped, 2 info only.
================================================================================

dt_base: Base device tree validity check
--------------------------------------------------------------------------------
Test skipped, missing features: devicetree
================================================================================
0 passed, 0 failed, 0 warning, 0 aborted, 3 skipped, 0 info only.
================================================================================

cpu_info: OPAL CPU Info
--------------------------------------------------------------------------------
Must be run as root or sudo to be able to read system information.
Aborted test, insufficient privilege.
================================================================================
0 passed, 0 failed, 0 warning, 1 aborted, 0 skipped, 0 info only.
================================================================================

mem_info: OPAL MEM Info
--------------------------------------------------------------------------------
Must be run as root or sudo to be able to read system information.
Aborted test, insufficient privilege.
================================================================================
0 passed, 0 failed, 0 warning, 1 aborted, 0 skipped, 0 info only.
================================================================================

pci_info: OPAL PCI Info
--------------------------------------------------------------------------------
Must be run as root or sudo to be able to read system information.
Aborted test, insufficient privilege.
================================================================================
0 passed, 0 failed, 0 warning, 1 aborted, 0 skipped, 0 info only.
================================================================================

uefibootpath: Sanity check for UEFI Boot Path Boot####.
--------------------------------------------------------------------------------
Must be run as root or sudo to be able to read system information.
Aborted test, insufficient privilege.
================================================================================
0 passed, 0 failed, 0 warning, 1 aborted, 0 skipped, 0 info only.
================================================================================

csm: UEFI Compatibility Support Module test.
--------------------------------------------------------------------------------
Must be run as root or sudo to be able to read system information.
Aborted test, insufficient privilege.
================================================================================
0 passed, 0 failed, 0 warning, 1 aborted, 0 skipped, 0 info only.
================================================================================

tpmevlog: Sanity check TPM event log.
--------------------------------------------------------------------------------
Must be run as root or sudo to be able to read system information.
Aborted test, insufficient privilege.
================================================================================
0 passed, 0 failed, 0 warning, 1 aborted, 0 skipped, 0 info only.
================================================================================

maxreadreq: Test firmware has set PCI Express MaxReadReq to a higher value on
non-motherboard devices.
--------------------------------------------------------------------------------
Must be run as root or sudo to be able to read system information.
Aborted test, insufficient privilege.
================================================================================
0 passed, 0 failed, 0 warning, 1 aborted, 0 skipped, 0 info only.
================================================================================

crs: Test PCI host bridge configuration using _CRS.
--------------------------------------------------------------------------------
Must be run as root or sudo to be able to read system information.
Aborted test, insufficient privilege.
================================================================================
0 passed, 0 failed, 0 warning, 1 aborted, 0 skipped, 0 info only.
================================================================================

aspm: PCIe ASPM test.
--------------------------------------------------------------------------------
Must be run as root or sudo to be able to read system information.
Aborted test, insufficient privilege.
================================================================================
0 passed, 0 failed, 0 warning, 2 aborted, 0 skipped, 0 info only.
================================================================================

mtd_info: OPAL MTD Info
--------------------------------------------------------------------------------
Must be run as root or sudo to be able to read system information.
Aborted test, insufficient privilege.
================================================================================
0 passed, 0 failed, 0 warning, 1 aborted, 0 skipped, 0 info only.
================================================================================

dmicheck: DMI/SMBIOS table tests.
--------------------------------------------------------------------------------
Must be run as root or sudo to be able to read system information.
Aborted test, insufficient privilege.
================================================================================
0 passed, 0 failed, 0 warning, 4 aborted, 0 skipped, 0 info only.
================================================================================

microcode: Test if system is using latest microcode.
--------------------------------------------------------------------------------
Must be run as root or sudo to be able to read system information.
Aborted test, insufficient privilege.
================================================================================
0 passed, 0 failed, 0 warning, 1 aborted, 0 skipped, 0 info only.
================================================================================

msr: MSR register tests.
--------------------------------------------------------------------------------
Must be run as root or sudo to be able to read system information.
Aborted test, insufficient privilege.
================================================================================
0 passed, 0 failed, 0 warning, 5 aborted, 0 skipped, 0 info only.
================================================================================

nx: Test if CPU NX is disabled by the BIOS.
--------------------------------------------------------------------------------
Must be run as root or sudo to be able to read system information.
Aborted test, insufficient privilege.
================================================================================
0 passed, 0 failed, 0 warning, 3 aborted, 0 skipped, 0 info only.
================================================================================

cpufreq: CPU frequency scaling tests.
--------------------------------------------------------------------------------
Must be run as root or sudo to be able to read system information.
Aborted test, insufficient privilege.
================================================================================
0 passed, 0 failed, 0 warning, 7 aborted, 0 skipped, 0 info only.
================================================================================

maxfreq: Test max CPU frequencies against max scaling frequency.
--------------------------------------------------------------------------------
Test 1 of 1: Maximum CPU frequency test.
This test checks the maximum CPU frequency as detected by the kernel for each
CPU against maximum frequency as specified by the BIOS frequency scaling
settings.
SKIPPED: Test 1, Cannot read CPU frequencies from /proc/cpuinfo, this generally
happens on AMD CPUs, skipping test.

================================================================================
0 passed, 0 failed, 0 warning, 0 aborted, 1 skipped, 0 info only.
================================================================================

virt: CPU Virtualisation Configuration test.
--------------------------------------------------------------------------------
Must be run as root or sudo to be able to read system information.
Aborted test, insufficient privilege.
================================================================================
0 passed, 0 failed, 0 warning, 1 aborted, 0 skipped, 0 info only.
================================================================================

smm: SMM tests.
--------------------------------------------------------------------------------
Must be run as root or sudo to be able to read system information.
Aborted test, insufficient privilege.
================================================================================
0 passed, 0 failed, 0 warning, 1 aborted, 0 skipped, 0 info only.
================================================================================

pnp: BIOS Support Installation structure test.
--------------------------------------------------------------------------------
Must be run as root or sudo to be able to read system information.
Aborted test, insufficient privilege.
================================================================================
0 passed, 0 failed, 0 warning, 1 aborted, 0 skipped, 0 info only.
================================================================================

pciirq: PCI IRQ Routing Table test.
--------------------------------------------------------------------------------
Must be run as root or sudo to be able to read system information.
Aborted test, insufficient privilege.
================================================================================
0 passed, 0 failed, 0 warning, 1 aborted, 0 skipped, 0 info only.
================================================================================

mpcheck: MultiProcessor Tables tests.
--------------------------------------------------------------------------------
Must be run as root or sudo to be able to read system information.
Aborted test, insufficient privilege.
================================================================================
0 passed, 0 failed, 0 warning, 9 aborted, 0 skipped, 0 info only.
================================================================================

interrupt: Interrupt tests.
--------------------------------------------------------------------------------
Must be run as root or sudo to be able to read system information.
Aborted test, insufficient privilege.
================================================================================
0 passed, 0 failed, 0 warning, 1 aborted, 0 skipped, 0 info only.
================================================================================

hda_audio: HDA Audio Pin Configuration test.
--------------------------------------------------------------------------------
Test 1 of 1: HDA Audio Pin Configuration test.
Checking 'hwC1D0':
Vendor Name    : ATI
Vendor ID      : 0x1002aa01
Subsystem ID   : 0xaa0100
Revision ID    : 0x100700
BIOS pin configurations:
  Pin  Setting
  0x0003 0x185600f0
  0x0005 0x585600f0
  0x0007 0x585600f0
  0x0009 0x585600f0
PASSED: Test 1, Default BIOS pin configurations did not have software override.

Checking 'hwC0D0':
Vendor Name    : Conexant
Vendor ID      : 0x14f1510f
Subsystem ID   : 0x104314a0
Revision ID    : 0x100100
BIOS pin configurations:
  Pin  Setting
  0x0016 0x03211040
  0x0017 0x90170110
  0x0018 0x40f001f0
  0x0019 0x03a11030
  0x001a 0x95a70120
PASSED: Test 1, Default BIOS pin configurations did not have software override.


================================================================================
2 passed, 0 failed, 0 warning, 0 aborted, 0 skipped, 0 info only.
================================================================================

ebda: Test EBDA region is mapped and reserved in memory map table.
--------------------------------------------------------------------------------
Must be run as root or sudo to be able to read system information.
Aborted test, insufficient privilege.
================================================================================
0 passed, 0 failed, 0 warning, 1 aborted, 0 skipped, 0 info only.
================================================================================

bios32: BIOS32 Service Directory test.
--------------------------------------------------------------------------------
Must be run as root or sudo to be able to read system information.
Aborted test, insufficient privilege.
================================================================================
0 passed, 0 failed, 0 warning, 1 aborted, 0 skipped, 0 info only.
================================================================================

apicedge: APIC edge/level test.
--------------------------------------------------------------------------------
Test 1 of 1: Legacy and PCI Interrupt Edge/Level trigger tests.
PASSED: Test 1, Legacy interrupts are edge and PCI interrupts are level
triggered.

================================================================================
1 passed, 0 failed, 0 warning, 0 aborted, 0 skipped, 0 info only.
================================================================================

xenv: XENV Xen Environment Table tests.
--------------------------------------------------------------------------------
Cannot read ACPI tables.
Aborted test, initialisation failed.
================================================================================
0 passed, 0 failed, 0 warning, 1 aborted, 0 skipped, 0 info only.
================================================================================

xsdt: XSDT Extended System Description Table test.
--------------------------------------------------------------------------------
Cannot read ACPI tables.
Aborted test, initialisation failed.
================================================================================
0 passed, 0 failed, 0 warning, 1 aborted, 0 skipped, 0 info only.
================================================================================

wsmt: WSMT Windows SMM Security Mitigations Table test.
--------------------------------------------------------------------------------
Cannot read ACPI tables.
Aborted test, initialisation failed.
================================================================================
0 passed, 0 failed, 0 warning, 1 aborted, 0 skipped, 0 info only.
================================================================================

wpbt: WPBT Windows Platform Binary Table test.
--------------------------------------------------------------------------------
Cannot read ACPI tables.
Aborted test, initialisation failed.
================================================================================
0 passed, 0 failed, 0 warning, 1 aborted, 0 skipped, 0 info only.
================================================================================

wmi: Extract and analyse Windows Management Instrumentation (WMI).
--------------------------------------------------------------------------------
Cannot initialise ACPI.
Aborted test, initialisation failed.
================================================================================
0 passed, 0 failed, 0 warning, 1 aborted, 0 skipped, 0 info only.
================================================================================

wdat: WDAT Microsoft Hardware Watchdog Action Table test.
--------------------------------------------------------------------------------
Cannot read ACPI tables.
Aborted test, initialisation failed.
================================================================================
0 passed, 0 failed, 0 warning, 1 aborted, 0 skipped, 0 info only.
================================================================================

wakealarm: ACPI Wakealarm tests.
--------------------------------------------------------------------------------
Must be run as root or sudo to be able to read system information.
Aborted test, insufficient privilege.
================================================================================
0 passed, 0 failed, 0 warning, 5 aborted, 0 skipped, 0 info only.
================================================================================

waet: WAET Windows ACPI Emulated Devices Table test.
--------------------------------------------------------------------------------
Cannot read ACPI tables.
Aborted test, initialisation failed.
================================================================================
0 passed, 0 failed, 0 warning, 1 aborted, 0 skipped, 0 info only.
================================================================================

uniqueid: ACPI Unique IDs test.
--------------------------------------------------------------------------------
Cannot initialise ACPI.
Aborted test, initialisation failed.
================================================================================
0 passed, 0 failed, 0 warning, 2 aborted, 0 skipped, 0 info only.
================================================================================

uefi: UEFI Data Table test.
--------------------------------------------------------------------------------
Cannot read ACPI tables.
Aborted test, initialisation failed.
================================================================================
0 passed, 0 failed, 0 warning, 1 aborted, 0 skipped, 0 info only.
================================================================================

tpm2: TPM2 Trusted Platform Module 2 test.
--------------------------------------------------------------------------------
Cannot read ACPI tables.
Aborted test, initialisation failed.
================================================================================
0 passed, 0 failed, 0 warning, 1 aborted, 0 skipped, 0 info only.
================================================================================

tcpa: TCPA Trusted Computing Platform Alliance Capabilities Table test.
--------------------------------------------------------------------------------
Cannot read ACPI tables.
Aborted test, initialisation failed.
================================================================================
0 passed, 0 failed, 0 warning, 1 aborted, 0 skipped, 0 info only.
================================================================================

stao: STAO Status Override Table test.
--------------------------------------------------------------------------------
Cannot read ACPI tables.
Aborted test, initialisation failed.
================================================================================
0 passed, 0 failed, 0 warning, 1 aborted, 0 skipped, 0 info only.
================================================================================

srat: SRAT System Resource Affinity Table test.
--------------------------------------------------------------------------------
Cannot read ACPI tables.
Aborted test, initialisation failed.
================================================================================
0 passed, 0 failed, 0 warning, 1 aborted, 0 skipped, 0 info only.
================================================================================

spmi: SPMI Service Processor Management Interface Description Table test.
--------------------------------------------------------------------------------
Cannot read ACPI tables.
Aborted test, initialisation failed.
================================================================================
0 passed, 0 failed, 0 warning, 1 aborted, 0 skipped, 0 info only.
================================================================================

spcr: SPCR Serial Port Console Redirection Table test.
--------------------------------------------------------------------------------
Cannot read ACPI tables.
Aborted test, initialisation failed.
================================================================================
0 passed, 0 failed, 0 warning, 3 aborted, 0 skipped, 0 info only.
================================================================================

slit: SLIT System Locality Distance Information test.
--------------------------------------------------------------------------------
Cannot read ACPI tables.
Aborted test, initialisation failed.
================================================================================
0 passed, 0 failed, 0 warning, 1 aborted, 0 skipped, 0 info only.
================================================================================

slic: SLIC Software Licensing Description Table test.
--------------------------------------------------------------------------------
Cannot read ACPI tables.
Aborted test, initialisation failed.
================================================================================
0 passed, 0 failed, 0 warning, 1 aborted, 0 skipped, 0 info only.
================================================================================

sdev: SDEV Secure Devices Table test
--------------------------------------------------------------------------------
Cannot read ACPI tables.
Aborted test, initialisation failed.
================================================================================
0 passed, 0 failed, 0 warning, 1 aborted, 0 skipped, 0 info only.
================================================================================

sdei: SDEI Software Delegated Exception Interface Table test
--------------------------------------------------------------------------------
Cannot read ACPI tables.
Aborted test, initialisation failed.
================================================================================
0 passed, 0 failed, 0 warning, 1 aborted, 0 skipped, 0 info only.
================================================================================

sbst: SBST Smart Battery Specification Table test.
--------------------------------------------------------------------------------
Cannot read ACPI tables.
Aborted test, initialisation failed.
================================================================================
0 passed, 0 failed, 0 warning, 1 aborted, 0 skipped, 0 info only.
================================================================================

rsdt: RSDT Root System Description Table test.
--------------------------------------------------------------------------------
Cannot read ACPI tables.
Aborted test, initialisation failed.
================================================================================
0 passed, 0 failed, 0 warning, 1 aborted, 0 skipped, 0 info only.
================================================================================

rsdp: RSDP Root System Description Pointer test.
--------------------------------------------------------------------------------
Cannot read ACPI tables.
Aborted test, initialisation failed.
================================================================================
0 passed, 0 failed, 0 warning, 1 aborted, 0 skipped, 0 info only.
================================================================================

rasf: RASF RAS Feature Table test
--------------------------------------------------------------------------------
Cannot read ACPI tables.
Aborted test, initialisation failed.
================================================================================
0 passed, 0 failed, 0 warning, 1 aborted, 0 skipped, 0 info only.
================================================================================

pptt: PPTT Processor Properties Topology Table test.
--------------------------------------------------------------------------------
Cannot read ACPI tables.
Aborted test, initialisation failed.
================================================================================
0 passed, 0 failed, 0 warning, 1 aborted, 0 skipped, 0 info only.
================================================================================

pmtt: PMTT Memory Topology Table test.
--------------------------------------------------------------------------------
Cannot read ACPI tables.
Aborted test, initialisation failed.
================================================================================
0 passed, 0 failed, 0 warning, 1 aborted, 0 skipped, 0 info only.
================================================================================

phat: PHAT Platform Health Assessment Table test.
--------------------------------------------------------------------------------
Cannot read ACPI tables.
Aborted test, initialisation failed.
================================================================================
0 passed, 0 failed, 0 warning, 1 aborted, 0 skipped, 0 info only.
================================================================================

pdtt: PDTT Platform Debug Trigger Table test.
--------------------------------------------------------------------------------
Cannot read ACPI tables.
Aborted test, initialisation failed.
================================================================================
0 passed, 0 failed, 0 warning, 1 aborted, 0 skipped, 0 info only.
================================================================================

pcct: PCCT Platform Communications Channel test.
--------------------------------------------------------------------------------
Cannot read ACPI tables.
Aborted test, initialisation failed.
================================================================================
0 passed, 0 failed, 0 warning, 1 aborted, 0 skipped, 0 info only.
================================================================================

pcc: Processor Clocking Control (PCC) test.
--------------------------------------------------------------------------------
Aborted test, initialisation failed.
================================================================================
0 passed, 0 failed, 0 warning, 1 aborted, 0 skipped, 0 info only.
================================================================================

osilinux: Disassemble DSDT to check for _OSI("Linux").
--------------------------------------------------------------------------------
Test 1 of 1: Disassemble DSDT to check for _OSI("Linux").
Cannot located DSDT.

================================================================================
0 passed, 0 failed, 0 warning, 0 aborted, 0 skipped, 0 info only.
================================================================================

nfit: NFIT NVDIMM Firmware Interface Table test.
--------------------------------------------------------------------------------
Cannot read ACPI tables.
Aborted test, initialisation failed.
================================================================================
0 passed, 0 failed, 0 warning, 1 aborted, 0 skipped, 0 info only.
================================================================================

method: ACPI DSDT Method Semantic tests.
--------------------------------------------------------------------------------
Cannot initialise ACPI.
Aborted test, initialisation failed.
================================================================================
0 passed, 0 failed, 0 warning, 207 aborted, 0 skipped, 0 info only.
================================================================================

msdm: MSDM Microsoft Data Management Table test.
--------------------------------------------------------------------------------
Cannot read ACPI tables.
Aborted test, initialisation failed.
================================================================================
0 passed, 0 failed, 0 warning, 1 aborted, 0 skipped, 0 info only.
================================================================================

msct: MSCT Maximum System Characteristics Table test.
--------------------------------------------------------------------------------
Cannot read ACPI tables.
Aborted test, initialisation failed.
================================================================================
0 passed, 0 failed, 0 warning, 1 aborted, 0 skipped, 0 info only.
================================================================================

mpst: MPST Memory Power State Table test.
--------------------------------------------------------------------------------
Cannot read ACPI tables.
Aborted test, initialisation failed.
================================================================================
0 passed, 0 failed, 0 warning, 1 aborted, 0 skipped, 0 info only.
================================================================================

mchi: MCHI Management Controller Host Interface Table test.
--------------------------------------------------------------------------------
Cannot read ACPI tables.
Aborted test, initialisation failed.
================================================================================
0 passed, 0 failed, 0 warning, 1 aborted, 0 skipped, 0 info only.
================================================================================

mcfg: MCFG PCI Express* memory mapped config space test.
--------------------------------------------------------------------------------
Must be run as root or sudo to be able to read system information.
Aborted test, insufficient privilege.
================================================================================
0 passed, 0 failed, 0 warning, 2 aborted, 0 skipped, 0 info only.
================================================================================

madt: MADT Multiple APIC Description Table (spec compliant).
--------------------------------------------------------------------------------
Cannot find ACPI MADT tables.
Aborted test, initialisation failed.
================================================================================
0 passed, 0 failed, 0 warning, 5 aborted, 0 skipped, 0 info only.
================================================================================

lpit: LPIT Low Power Idle Table test.
--------------------------------------------------------------------------------
Cannot read ACPI tables.
Aborted test, initialisation failed.
================================================================================
0 passed, 0 failed, 0 warning, 1 aborted, 0 skipped, 0 info only.
================================================================================

iort: IORT IO Remapping Table test.
--------------------------------------------------------------------------------
Cannot read ACPI tables.
Aborted test, initialisation failed.
================================================================================
0 passed, 0 failed, 0 warning, 1 aborted, 0 skipped, 0 info only.
================================================================================

hmat: HMAT Heterogeneous Memory Attribute Table test.
--------------------------------------------------------------------------------
Cannot read ACPI tables.
Aborted test, initialisation failed.
================================================================================
0 passed, 0 failed, 0 warning, 1 aborted, 0 skipped, 0 info only.
================================================================================

hpet: HPET IA-PC High Precision Event Timer Table tests.
--------------------------------------------------------------------------------
Must be run as root or sudo to be able to read system information.
Aborted test, insufficient privilege.
================================================================================
0 passed, 0 failed, 0 warning, 4 aborted, 0 skipped, 0 info only.
================================================================================

hest: HEST Hardware Error Source Table test.
--------------------------------------------------------------------------------
Cannot read ACPI tables.
Aborted test, initialisation failed.
================================================================================
0 passed, 0 failed, 0 warning, 1 aborted, 0 skipped, 0 info only.
================================================================================

gtdt: GTDT Generic Timer Description Table test.
--------------------------------------------------------------------------------
Cannot read ACPI tables.
Aborted test, initialisation failed.
================================================================================
0 passed, 0 failed, 0 warning, 1 aborted, 0 skipped, 0 info only.
================================================================================

fpdt: FPDT Firmware Performance Data Table test.
--------------------------------------------------------------------------------
Cannot read ACPI tables.
Aborted test, initialisation failed.
================================================================================
0 passed, 0 failed, 0 warning, 1 aborted, 0 skipped, 0 info only.
================================================================================

fan: Simple fan tests.
--------------------------------------------------------------------------------
Test 1 of 2: Test fan status.
Test how many fans there are in the system. Check for the current status of the
fan(s).
PASSED: Test 1, Fan cooling_device1 of type Processor has max cooling state 10
and current cooling state 0.
PASSED: Test 1, Fan cooling_device2 of type Processor has max cooling state 10
and current cooling state 0.
PASSED: Test 1, Fan cooling_device0 of type Processor has max cooling state 10
and current cooling state 0.
PASSED: Test 1, Fan cooling_device3 of type Processor has max cooling state 10
and current cooling state 0.

Test 2 of 2: Load system, check CPU fan status.
Test how many fans there are in the system. Check for the current status of the
fan(s).
Loading CPUs for 20 seconds to try and get fan speeds to change.
